# JRE version: OpenJDK Runtime Environment Temurin-17.0.14+7 (17.0.14+7) (build 17.0.14+7)
# Java VM: OpenJDK 64-Bit Server VM Temurin-17.0.14+7 (17.0.14+7, mixed mode, sharing, tiered, compressed oops, compressed class ptrs, g1 gc, windows-amd64)
GC Precious Log:
 CPUs: 8 total, 8 available
 Memory: 8191M
 Large Page Support: Disabled
 NUMA Support: Disabled
 Compressed Oops: Enabled (Zero based)
 Heap Region Size: 4M
 Heap Min Capacity: 8M
 Heap Initial Capacity: 128M
 Heap Max Capacity: 8G
 Pre-touch: Disabled
 Parallel Workers: 8
 Concurrent Workers: 2
 Concurrent Refinement Workers: 8
 Periodic GC: Disabled
Heap:
 garbage-first heap   total 315392K, used 174133K [0x0000000600000000, 0x0000000800000000)
  region size 4096K, 2 young (8192K), 2 survivors (8192K)
 Metaspace       used 111799K, committed 113344K, reserved 1179648K
  class space    used 15495K, committed 16192K, reserved 1048576K
GC Heap History (20 events):
Event: 24.960 GC heap after
{Heap after GC invocations=40 (full 0):
 garbage-first heap   total 204800K, used 116946K [0x0000000600000000, 0x0000000800000000)
  region size 4096K, 2 young (8192K), 2 survivors (8192K)
 Metaspace       used 89665K, committed 90624K, reserved 1179648K
  class space    used 12448K, committed 12928K, reserved 1048576K
}
Event: 25.820 GC heap before
{Heap before GC invocations=40 (full 0):
 garbage-first heap   total 204800K, used 162002K [0x0000000600000000, 0x0000000800000000)
  region size 4096K, 13 young (53248K), 2 survivors (8192K)
 Metaspace       used 90571K, committed 91520K, reserved 1179648K
  class space    used 12568K, committed 13056K, reserved 1048576K
}
Event: 25.832 GC heap after
{Heap after GC invocations=41 (full 0):
 garbage-first heap   total 204800K, used 123508K [0x0000000600000000, 0x0000000800000000)
  region size 4096K, 2 young (8192K), 2 survivors (8192K)
 Metaspace       used 90571K, committed 91520K, reserved 1179648K
  class space    used 12568K, committed 13056K, reserved 1048576K
}
Event: 26.761 GC heap before
{Heap before GC invocations=42 (full 0):
 garbage-first heap   total 225280K, used 160372K [0x0000000600000000, 0x0000000800000000)
  region size 4096K, 11 young (45056K), 2 survivors (8192K)
 Metaspace       used 93284K, committed 94336K, reserved 1179648K
  class space    used 12917K, committed 13440K, reserved 1048576K
}
Event: 26.769 GC heap after
{Heap after GC invocations=43 (full 0):
 garbage-first heap   total 225280K, used 125991K [0x0000000600000000, 0x0000000800000000)
  region size 4096K, 1 young (4096K), 1 survivors (4096K)
 Metaspace       used 93284K, committed 94336K, reserved 1179648K
  class space    used 12917K, committed 13440K, reserved 1048576K
}
Event: 27.785 GC heap before
{Heap before GC invocations=43 (full 0):
 garbage-first heap   total 225280K, used 175143K [0x0000000600000000, 0x0000000800000000)
  region size 4096K, 14 young (57344K), 1 survivors (4096K)
 Metaspace       used 97852K, committed 98880K, reserved 1179648K
  class space    used 13548K, committed 14080K, reserved 1048576K
}
Event: 27.793 GC heap after
{Heap after GC invocations=44 (full 0):
 garbage-first heap   total 270336K, used 128368K [0x0000000600000000, 0x0000000800000000)
  region size 4096K, 2 young (8192K), 2 survivors (8192K)
 Metaspace       used 97852K, committed 98880K, reserved 1179648K
  class space    used 13548K, committed 14080K, reserved 1048576K
}
Event: 29.462 GC heap before
{Heap before GC invocations=45 (full 0):
 garbage-first heap   total 270336K, used 210288K [0x0000000600000000, 0x0000000800000000)
  region size 4096K, 22 young (90112K), 2 survivors (8192K)
 Metaspace       used 101028K, committed 102080K, reserved 1179648K
  class space    used 13951K, committed 14464K, reserved 1048576K
}
Event: 29.479 GC heap after
{Heap after GC invocations=46 (full 0):
 garbage-first heap   total 270336K, used 137495K [0x0000000600000000, 0x0000000800000000)
  region size 4096K, 3 young (12288K), 3 survivors (12288K)
 Metaspace       used 101028K, committed 102080K, reserved 1179648K
  class space    used 13951K, committed 14464K, reserved 1048576K
}
Event: 31.258 GC heap before
{Heap before GC invocations=46 (full 0):
 garbage-first heap   total 270336K, used 215319K [0x0000000600000000, 0x0000000800000000)
  region size 4096K, 22 young (90112K), 3 survivors (12288K)
 Metaspace       used 104488K, committed 105728K, reserved 1179648K
  class space    used 14403K, committed 14976K, reserved 1048576K
}
Event: 31.280 GC heap after
{Heap after GC invocations=47 (full 0):
 garbage-first heap   total 270336K, used 148535K [0x0000000600000000, 0x0000000800000000)
  region size 4096K, 3 young (12288K), 3 survivors (12288K)
 Metaspace       used 104488K, committed 105728K, reserved 1179648K
  class space    used 14403K, committed 14976K, reserved 1048576K
}
Event: 32.235 GC heap before
{Heap before GC invocations=48 (full 0):
 garbage-first heap   total 274432K, used 214071K [0x0000000600000000, 0x0000000800000000)
  region size 4096K, 19 young (77824K), 3 survivors (12288K)
 Metaspace       used 105549K, committed 106944K, reserved 1179648K
  class space    used 14579K, committed 15232K, reserved 1048576K
}
Event: 32.254 GC heap after
{Heap after GC invocations=49 (full 0):
 garbage-first heap   total 274432K, used 157523K [0x0000000600000000, 0x0000000800000000)
  region size 4096K, 3 young (12288K), 3 survivors (12288K)
 Metaspace       used 105549K, committed 106944K, reserved 1179648K
  class space    used 14579K, committed 15232K, reserved 1048576K
}
Event: 33.098 GC heap before
{Heap before GC invocations=49 (full 0):
 garbage-first heap   total 274432K, used 214867K [0x0000000600000000, 0x0000000800000000)
  region size 4096K, 17 young (69632K), 3 survivors (12288K)
 Metaspace       used 106811K, committed 108288K, reserved 1179648K
  class space    used 14743K, committed 15424K, reserved 1048576K
}
Event: 33.114 GC heap after
{Heap after GC invocations=50 (full 0):
 garbage-first heap   total 274432K, used 165127K [0x0000000600000000, 0x0000000800000000)
  region size 4096K, 2 young (8192K), 2 survivors (8192K)
 Metaspace       used 106811K, committed 108288K, reserved 1179648K
  class space    used 14743K, committed 15424K, reserved 1048576K
}
Event: 33.856 GC heap before
{Heap before GC invocations=51 (full 0):
 garbage-first heap   total 315392K, used 214279K [0x0000000600000000, 0x0000000800000000)
  region size 4096K, 15 young (61440K), 2 survivors (8192K)
 Metaspace       used 109590K, committed 111104K, reserved 1179648K
  class space    used 15003K, committed 15680K, reserved 1048576K
}
Event: 33.873 GC heap after
{Heap after GC invocations=52 (full 0):
 garbage-first heap   total 315392K, used 170915K [0x0000000600000000, 0x0000000800000000)
  region size 4096K, 2 young (8192K), 2 survivors (8192K)
 Metaspace       used 109590K, committed 111104K, reserved 1179648K
  class space    used 15003K, committed 15680K, reserved 1048576K
}
Event: 33.929 GC heap before
{Heap before GC invocations=52 (full 0):
 garbage-first heap   total 315392K, used 175011K [0x0000000600000000, 0x0000000800000000)
  region size 4096K, 3 young (12288K), 2 survivors (8192K)
 Metaspace       used 109895K, committed 111360K, reserved 1179648K
  class space    used 15075K, committed 15744K, reserved 1048576K
}
Event: 33.939 GC heap after
{Heap after GC invocations=53 (full 0):
 garbage-first heap   total 315392K, used 171538K [0x0000000600000000, 0x0000000800000000)
  region size 4096K, 1 young (4096K), 1 survivors (4096K)
 Metaspace       used 109895K, committed 111360K, reserved 1179648K
  class space    used 15075K, committed 15744K, reserved 1048576K
}
Event: 34.405 GC heap before
{Heap before GC invocations=53 (full 0):
 garbage-first heap   total 315392K, used 245266K [0x0000000600000000, 0x0000000800000000)
  region size 4096K, 20 young (81920K), 1 survivors (4096K)
 Metaspace       used 111799K, committed 113344K, reserved 1179648K
  class space    used 15495K, committed 16192K, reserved 1048576K
}

