# JRE version: OpenJDK Runtime Environment Temurin-17.0.14+7 (17.0.14+7) (build 17.0.14+7)
# Java VM: OpenJDK 64-Bit Server VM Temurin-17.0.14+7 (17.0.14+7, mixed mode, sharing, tiered, compressed oops, compressed class ptrs, g1 gc, windows-amd64)
GC Precious Log:
 CPUs: 8 total, 8 available
 Memory: 8191M
 Large Page Support: Disabled
 NUMA Support: Disabled
 Compressed Oops: Enabled (Zero based)
 Heap Region Size: 4M
 Heap Min Capacity: 8M
 Heap Initial Capacity: 128M
 Heap Max Capacity: 8G
 Pre-touch: Disabled
 Parallel Workers: 8
 Concurrent Workers: 2
 Concurrent Refinement Workers: 8
 Periodic GC: Disabled
Heap:
 garbage-first heap   total 360448K, used 251440K [0x0000000600000000, 0x0000000800000000)
  region size 4096K, 2 young (8192K), 2 survivors (8192K)
 Metaspace       used 182839K, committed 184256K, reserved 1245184K
  class space    used 22997K, committed 23680K, reserved 1048576K
GC Heap History (20 events):
Event: 1353.186 GC heap after
{Heap after GC invocations=65 (full 0):
 garbage-first heap   total 266240K, used 209560K [0x0000000600000000, 0x0000000800000000)
  region size 4096K, 1 young (4096K), 1 survivors (4096K)
 Metaspace       used 165165K, committed 166400K, reserved 1245184K
  class space    used 20841K, committed 21440K, reserved 1048576K
}
Event: 1353.882 GC heap before
{Heap before GC invocations=65 (full 0):
 garbage-first heap   total 266240K, used 225944K [0x0000000600000000, 0x0000000800000000)
  region size 4096K, 5 young (20480K), 1 survivors (4096K)
 Metaspace       used 165333K, committed 166592K, reserved 1245184K
  class space    used 20857K, committed 21504K, reserved 1048576K
}
Event: 1353.889 GC heap after
{Heap after GC invocations=66 (full 0):
 garbage-first heap   total 266240K, used 212382K [0x0000000600000000, 0x0000000800000000)
  region size 4096K, 1 young (4096K), 1 survivors (4096K)
 Metaspace       used 165333K, committed 166592K, reserved 1245184K
  class space    used 20857K, committed 21504K, reserved 1048576K
}
Event: 1353.995 GC heap before
{Heap before GC invocations=66 (full 0):
 garbage-first heap   total 266240K, used 220574K [0x0000000600000000, 0x0000000800000000)
  region size 4096K, 4 young (16384K), 1 survivors (4096K)
 Metaspace       used 165361K, committed 166656K, reserved 1245184K
  class space    used 20857K, committed 21504K, reserved 1048576K
}
Event: 1354.004 GC heap after
{Heap after GC invocations=67 (full 0):
 garbage-first heap   total 266240K, used 213045K [0x0000000600000000, 0x0000000800000000)
  region size 4096K, 1 young (4096K), 1 survivors (4096K)
 Metaspace       used 165361K, committed 166656K, reserved 1245184K
  class space    used 20857K, committed 21504K, reserved 1048576K
}
Event: 1354.090 GC heap before
{Heap before GC invocations=67 (full 0):
 garbage-first heap   total 266240K, used 225333K [0x0000000600000000, 0x0000000800000000)
  region size 4096K, 4 young (16384K), 1 survivors (4096K)
 Metaspace       used 165379K, committed 166656K, reserved 1245184K
  class space    used 20857K, committed 21504K, reserved 1048576K
}
Event: 1354.095 GC heap after
{Heap after GC invocations=68 (full 0):
 garbage-first heap   total 266240K, used 215524K [0x0000000600000000, 0x0000000800000000)
  region size 4096K, 1 young (4096K), 1 survivors (4096K)
 Metaspace       used 165379K, committed 166656K, reserved 1245184K
  class space    used 20857K, committed 21504K, reserved 1048576K
}
Event: 1354.183 GC heap before
{Heap before GC invocations=68 (full 0):
 garbage-first heap   total 266240K, used 227812K [0x0000000600000000, 0x0000000800000000)
  region size 4096K, 4 young (16384K), 1 survivors (4096K)
 Metaspace       used 165393K, committed 166656K, reserved 1245184K
  class space    used 20857K, committed 21504K, reserved 1048576K
}
Event: 1354.190 GC heap after
{Heap after GC invocations=69 (full 0):
 garbage-first heap   total 360448K, used 218328K [0x0000000600000000, 0x0000000800000000)
  region size 4096K, 1 young (4096K), 1 survivors (4096K)
 Metaspace       used 165393K, committed 166656K, reserved 1245184K
  class space    used 20857K, committed 21504K, reserved 1048576K
}
Event: 1355.462 GC heap before
{Heap before GC invocations=69 (full 0):
 garbage-first heap   total 360448K, used 287960K [0x0000000600000000, 0x0000000800000000)
  region size 4096K, 18 young (73728K), 1 survivors (4096K)
 Metaspace       used 165427K, committed 166720K, reserved 1245184K
  class space    used 20857K, committed 21504K, reserved 1048576K
}
Event: 1355.470 GC heap after
{Heap after GC invocations=70 (full 0):
 garbage-first heap   total 360448K, used 223013K [0x0000000600000000, 0x0000000800000000)
  region size 4096K, 2 young (8192K), 2 survivors (8192K)
 Metaspace       used 165427K, committed 166720K, reserved 1245184K
  class space    used 20857K, committed 21504K, reserved 1048576K
}
Event: 1356.933 GC heap before
{Heap before GC invocations=70 (full 0):
 garbage-first heap   total 360448K, used 292645K [0x0000000600000000, 0x0000000800000000)
  region size 4096K, 19 young (77824K), 2 survivors (8192K)
 Metaspace       used 167001K, committed 168320K, reserved 1245184K
  class space    used 20988K, committed 21632K, reserved 1048576K
}
Event: 1356.949 GC heap after
{Heap after GC invocations=71 (full 0):
 garbage-first heap   total 360448K, used 232266K [0x0000000600000000, 0x0000000800000000)
  region size 4096K, 3 young (12288K), 3 survivors (12288K)
 Metaspace       used 167001K, committed 168320K, reserved 1245184K
  class space    used 20988K, committed 21632K, reserved 1048576K
}
Event: 1358.326 GC heap before
{Heap before GC invocations=71 (full 0):
 garbage-first heap   total 360448K, used 293706K [0x0000000600000000, 0x0000000800000000)
  region size 4096K, 18 young (73728K), 3 survivors (12288K)
 Metaspace       used 169085K, committed 170368K, reserved 1245184K
  class space    used 21260K, committed 21888K, reserved 1048576K
}
Event: 1358.348 GC heap after
{Heap after GC invocations=72 (full 0):
 garbage-first heap   total 360448K, used 241905K [0x0000000600000000, 0x0000000800000000)
  region size 4096K, 3 young (12288K), 3 survivors (12288K)
 Metaspace       used 169085K, committed 170368K, reserved 1245184K
  class space    used 21260K, committed 21888K, reserved 1048576K
}
Event: 1359.841 GC heap before
{Heap before GC invocations=72 (full 0):
 garbage-first heap   total 360448K, used 291057K [0x0000000600000000, 0x0000000800000000)
  region size 4096K, 16 young (65536K), 3 survivors (12288K)
 Metaspace       used 172493K, committed 173888K, reserved 1245184K
  class space    used 21583K, committed 22272K, reserved 1048576K
}
Event: 1359.855 GC heap after
{Heap after GC invocations=73 (full 0):
 garbage-first heap   total 360448K, used 239783K [0x0000000600000000, 0x0000000800000000)
  region size 4096K, 2 young (8192K), 2 survivors (8192K)
 Metaspace       used 172493K, committed 173888K, reserved 1245184K
  class space    used 21583K, committed 22272K, reserved 1048576K
}
Event: 1361.153 GC heap before
{Heap before GC invocations=73 (full 0):
 garbage-first heap   total 360448K, used 297127K [0x0000000600000000, 0x0000000800000000)
  region size 4096K, 16 young (65536K), 2 survivors (8192K)
 Metaspace       used 176837K, committed 178240K, reserved 1245184K
  class space    used 22260K, committed 22912K, reserved 1048576K
}
Event: 1361.174 GC heap after
{Heap after GC invocations=74 (full 0):
 garbage-first heap   total 360448K, used 246961K [0x0000000600000000, 0x0000000800000000)
  region size 4096K, 2 young (8192K), 2 survivors (8192K)
 Metaspace       used 176837K, committed 178240K, reserved 1245184K
  class space    used 22260K, committed 22912K, reserved 1048576K
}
Event: 1362.735 GC heap before
{Heap before GC invocations=74 (full 0):
 garbage-first heap   total 360448K, used 296113K [0x0000000600000000, 0x0000000800000000)
  region size 4096K, 15 young (61440K), 2 survivors (8192K)
 Metaspace       used 182839K, committed 184256K, reserved 1245184K
  class space    used 22997K, committed 23680K, reserved 1048576K
}

