# JRE version: OpenJDK Runtime Environment Temurin-17.0.14+7 (17.0.14+7) (build 17.0.14+7)
# Java VM: OpenJDK 64-Bit Server VM Temurin-17.0.14+7 (17.0.14+7, mixed mode, sharing, tiered, compressed oops, compressed class ptrs, g1 gc, windows-amd64)
GC Precious Log:
 CPUs: 8 total, 8 available
 Memory: 8191M
 Large Page Support: Disabled
 NUMA Support: Disabled
 Compressed Oops: Enabled (Zero based)
 Heap Region Size: 4M
 Heap Min Capacity: 8M
 Heap Initial Capacity: 128M
 Heap Max Capacity: 8G
 Pre-touch: Disabled
 Parallel Workers: 8
 Concurrent Workers: 2
 Concurrent Refinement Workers: 8
 Periodic GC: Disabled
Heap:
 garbage-first heap   total 282624K, used 149062K [0x0000000600000000, 0x0000000800000000)
  region size 4096K, 3 young (12288K), 3 survivors (12288K)
 Metaspace       used 109179K, committed 110208K, reserved 1179648K
  class space    used 14937K, committed 15424K, reserved 1048576K
GC Heap History (20 events):
Event: 15.103 GC heap after
{Heap after GC invocations=22 (full 0):
 garbage-first heap   total 147456K, used 72854K [0x0000000600000000, 0x0000000800000000)
  region size 4096K, 1 young (4096K), 1 survivors (4096K)
 Metaspace       used 63869K, committed 64512K, reserved 1114112K
  class space    used 8751K, committed 9088K, reserved 1048576K
}
Event: 15.798 GC heap before
{Heap before GC invocations=22 (full 0):
 garbage-first heap   total 147456K, used 109718K [0x0000000600000000, 0x0000000800000000)
  region size 4096K, 11 young (45056K), 1 survivors (4096K)
 Metaspace       used 65871K, committed 66560K, reserved 1114112K
  class space    used 9033K, committed 9344K, reserved 1048576K
}
Event: 15.807 GC heap after
{Heap after GC invocations=23 (full 0):
 garbage-first heap   total 147456K, used 75517K [0x0000000600000000, 0x0000000800000000)
  region size 4096K, 2 young (8192K), 2 survivors (8192K)
 Metaspace       used 65871K, committed 66560K, reserved 1114112K
  class space    used 9033K, committed 9344K, reserved 1048576K
}
Event: 16.481 GC heap before
{Heap before GC invocations=24 (full 0):
 garbage-first heap   total 147456K, used 112381K [0x0000000600000000, 0x0000000800000000)
  region size 4096K, 11 young (45056K), 2 survivors (8192K)
 Metaspace       used 68313K, committed 69056K, reserved 1114112K
  class space    used 9357K, committed 9728K, reserved 1048576K
}
Event: 16.489 GC heap after
{Heap after GC invocations=25 (full 0):
 garbage-first heap   total 147456K, used 77360K [0x0000000600000000, 0x0000000800000000)
  region size 4096K, 2 young (8192K), 2 survivors (8192K)
 Metaspace       used 68313K, committed 69056K, reserved 1114112K
  class space    used 9357K, committed 9728K, reserved 1048576K
}
Event: 16.809 GC heap before
{Heap before GC invocations=25 (full 0):
 garbage-first heap   total 147456K, used 89648K [0x0000000600000000, 0x0000000800000000)
  region size 4096K, 6 young (24576K), 2 survivors (8192K)
 Metaspace       used 69992K, committed 70720K, reserved 1114112K
  class space    used 9598K, committed 9984K, reserved 1048576K
}
Event: 16.816 GC heap after
{Heap after GC invocations=26 (full 0):
 garbage-first heap   total 282624K, used 78217K [0x0000000600000000, 0x0000000800000000)
  region size 4096K, 1 young (4096K), 1 survivors (4096K)
 Metaspace       used 69992K, committed 70720K, reserved 1114112K
  class space    used 9598K, committed 9984K, reserved 1048576K
}
Event: 19.385 GC heap before
{Heap before GC invocations=26 (full 0):
 garbage-first heap   total 282624K, used 217481K [0x0000000600000000, 0x0000000800000000)
  region size 4096K, 34 young (139264K), 1 survivors (4096K)
 Metaspace       used 77510K, committed 78272K, reserved 1179648K
  class space    used 10578K, committed 10944K, reserved 1048576K
}
Event: 19.397 GC heap after
{Heap after GC invocations=27 (full 0):
 garbage-first heap   total 282624K, used 91548K [0x0000000600000000, 0x0000000800000000)
  region size 4096K, 3 young (12288K), 3 survivors (12288K)
 Metaspace       used 77510K, committed 78272K, reserved 1179648K
  class space    used 10578K, committed 10944K, reserved 1048576K
}
Event: 21.932 GC heap before
{Heap before GC invocations=27 (full 0):
 garbage-first heap   total 282624K, used 218524K [0x0000000600000000, 0x0000000800000000)
  region size 4096K, 34 young (139264K), 3 survivors (12288K)
 Metaspace       used 85968K, committed 86720K, reserved 1179648K
  class space    used 11861K, committed 12224K, reserved 1048576K
}
Event: 21.952 GC heap after
{Heap after GC invocations=28 (full 0):
 garbage-first heap   total 282624K, used 96307K [0x0000000600000000, 0x0000000800000000)
  region size 4096K, 4 young (16384K), 4 survivors (16384K)
 Metaspace       used 85968K, committed 86720K, reserved 1179648K
  class space    used 11861K, committed 12224K, reserved 1048576K
}
Event: 24.233 GC heap before
{Heap before GC invocations=28 (full 0):
 garbage-first heap   total 282624K, used 223283K [0x0000000600000000, 0x0000000800000000)
  region size 4096K, 35 young (143360K), 4 survivors (16384K)
 Metaspace       used 89484K, committed 90368K, reserved 1179648K
  class space    used 12373K, committed 12800K, reserved 1048576K
}
Event: 24.253 GC heap after
{Heap after GC invocations=29 (full 0):
 garbage-first heap   total 282624K, used 106324K [0x0000000600000000, 0x0000000800000000)
  region size 4096K, 5 young (20480K), 5 survivors (20480K)
 Metaspace       used 89484K, committed 90368K, reserved 1179648K
  class space    used 12373K, committed 12800K, reserved 1048576K
}
Event: 26.593 GC heap before
{Heap before GC invocations=29 (full 0):
 garbage-first heap   total 282624K, used 221012K [0x0000000600000000, 0x0000000800000000)
  region size 4096K, 33 young (135168K), 5 survivors (20480K)
 Metaspace       used 92179K, committed 93184K, reserved 1179648K
  class space    used 12695K, committed 13184K, reserved 1048576K
}
Event: 26.635 GC heap after
{Heap after GC invocations=30 (full 0):
 garbage-first heap   total 282624K, used 120008K [0x0000000600000000, 0x0000000800000000)
  region size 4096K, 4 young (16384K), 4 survivors (16384K)
 Metaspace       used 92179K, committed 93184K, reserved 1179648K
  class space    used 12695K, committed 13184K, reserved 1048576K
}
Event: 28.840 GC heap before
{Heap before GC invocations=30 (full 0):
 garbage-first heap   total 282624K, used 222408K [0x0000000600000000, 0x0000000800000000)
  region size 4096K, 29 young (118784K), 4 survivors (16384K)
 Metaspace       used 99315K, committed 100288K, reserved 1179648K
  class space    used 13649K, committed 14144K, reserved 1048576K
}
Event: 28.863 GC heap after
{Heap after GC invocations=31 (full 0):
 garbage-first heap   total 282624K, used 128601K [0x0000000600000000, 0x0000000800000000)
  region size 4096K, 3 young (12288K), 3 survivors (12288K)
 Metaspace       used 99315K, committed 100288K, reserved 1179648K
  class space    used 13649K, committed 14144K, reserved 1048576K
}
Event: 30.495 GC heap before
{Heap before GC invocations=31 (full 0):
 garbage-first heap   total 282624K, used 218713K [0x0000000600000000, 0x0000000800000000)
  region size 4096K, 26 young (106496K), 3 survivors (12288K)
 Metaspace       used 105448K, committed 106496K, reserved 1179648K
  class space    used 14476K, committed 14976K, reserved 1048576K
}
Event: 30.532 GC heap after
{Heap after GC invocations=32 (full 0):
 garbage-first heap   total 282624K, used 138265K [0x0000000600000000, 0x0000000800000000)
  region size 4096K, 3 young (12288K), 3 survivors (12288K)
 Metaspace       used 105448K, committed 106496K, reserved 1179648K
  class space    used 14476K, committed 14976K, reserved 1048576K
}
Event: 31.685 GC heap before
{Heap before GC invocations=32 (full 0):
 garbage-first heap   total 282624K, used 224281K [0x0000000600000000, 0x0000000800000000)
  region size 4096K, 24 young (98304K), 3 survivors (12288K)
 Metaspace       used 109179K, committed 110208K, reserved 1179648K
  class space    used 14937K, committed 15424K, reserved 1048576K
}

